<?xml version="1.0" encoding="UTF-8"?>
<testsuites name="jest tests" tests="4" failures="0" errors="0" time="0.217">
  <testsuite name="API Tests" errors="0" failures="0" skipped="0" timestamp="2025-11-15T16:55:09" time="0.193" tests="4">
    <testcase classname="API Tests GET / should return welcome message" name="API Tests GET / should return welcome message" time="0.021">
    </testcase>
    <testcase classname="API Tests GET /health should return healthy status" name="API Tests GET /health should return healthy status" time="0.002">
    </testcase>
    <testcase classname="API Tests GET /api/hello should return greeting" name="API Tests GET /api/hello should return greeting" time="0.002">
    </testcase>
    <testcase classname="API Tests GET /info should return system info" name="API Tests GET /info should return system info" time="0.002">
    </testcase>
  </testsuite>
</testsuites>